<?xml version="1.0" encoding="UTF-8"?>
  <testsuite name="RepoImpl Suite" tests="2" failures="0" errors="0" time="0">
      <testcase name="UdfCacheTest recycle by count" classname="RepoImpl Suite" time="3.0331e-05"></testcase>
      <testcase name="UdfCacheTest recyle by count and ttl" classname="RepoImpl Suite" time="4.397e-06"></testcase>
  </testsuite>